<?xml version="1.0" encoding="UTF-8"?>
<!-- Generated by org.testng.reporters.JUnitXMLReporter -->
<testsuite ignored="0" hostname="Lenovo-PC" failures="1" tests="1" name="Regression" time="9.162" errors="0" timestamp="2023-02-13T23:12:31 CET">
  <testcase classname="testcase.CheckMarketCapValue" name="CheckMarketCap" time="0.075">
    <failure type="java.lang.AssertionError" message="Total Market Cap below 1T expected [true] but found [false]">
      <![CDATA[java.lang.AssertionError: Total Market Cap below 1T expected [true] but found [false]
at testcase.CheckMarketCapValue.CheckMarketCap(CheckMarketCapValue.java:39)
at java.base/java.util.ArrayList.forEach(ArrayList.java:1541)
... Removed 34 stack frames]]>
    </failure>
  </testcase> <!-- CheckMarketCap -->
</testsuite> <!-- Regression -->
